e:\myterminal1672022\myterminal16-07-2022\myterminal16-07-2022\debug\vc142.pdb
e:\myterminal1672022\myterminal16-07-2022\myterminal16-07-2022\debug\vc142.idb
e:\myterminal1672022\myterminal16-07-2022\myterminal16-07-2022\debug\terminal.obj
e:\myterminal1672022\myterminal16-07-2022\myterminal16-07-2022\debug\terminalhelperfunctions.obj
e:\myterminal1672022\myterminal16-07-2022\debug\myterminal16-07-2022.pdb
e:\myterminal1672022\myterminal16-07-2022\myterminal16-07-2022\debug\mytermin.d6bd8d6d.tlog\cl.command.1.tlog
e:\myterminal1672022\myterminal16-07-2022\myterminal16-07-2022\debug\mytermin.d6bd8d6d.tlog\cl.read.1.tlog
e:\myterminal1672022\myterminal16-07-2022\myterminal16-07-2022\debug\mytermin.d6bd8d6d.tlog\cl.write.1.tlog
e:\myterminal1672022\myterminal16-07-2022\myterminal16-07-2022\debug\mytermin.d6bd8d6d.tlog\link-cvtres.read.1.tlog
e:\myterminal1672022\myterminal16-07-2022\myterminal16-07-2022\debug\mytermin.d6bd8d6d.tlog\link-cvtres.write.1.tlog
e:\myterminal1672022\myterminal16-07-2022\myterminal16-07-2022\debug\mytermin.d6bd8d6d.tlog\link-rc.read.1.tlog
e:\myterminal1672022\myterminal16-07-2022\myterminal16-07-2022\debug\mytermin.d6bd8d6d.tlog\link-rc.write.1.tlog
e:\myterminal1672022\myterminal16-07-2022\myterminal16-07-2022\debug\mytermin.d6bd8d6d.tlog\link.24616-cvtres.read.1.tlog
e:\myterminal1672022\myterminal16-07-2022\myterminal16-07-2022\debug\mytermin.d6bd8d6d.tlog\link.24616-cvtres.write.1.tlog
e:\myterminal1672022\myterminal16-07-2022\myterminal16-07-2022\debug\mytermin.d6bd8d6d.tlog\link.24616-rc.read.1.tlog
e:\myterminal1672022\myterminal16-07-2022\myterminal16-07-2022\debug\mytermin.d6bd8d6d.tlog\link.24616-rc.write.1.tlog
e:\myterminal1672022\myterminal16-07-2022\myterminal16-07-2022\debug\mytermin.d6bd8d6d.tlog\link.24616.read.1.tlog
e:\myterminal1672022\myterminal16-07-2022\myterminal16-07-2022\debug\mytermin.d6bd8d6d.tlog\link.24616.write.1.tlog
e:\myterminal1672022\myterminal16-07-2022\myterminal16-07-2022\debug\mytermin.d6bd8d6d.tlog\link.command.1.tlog
e:\myterminal1672022\myterminal16-07-2022\myterminal16-07-2022\debug\mytermin.d6bd8d6d.tlog\link.read.1.tlog
e:\myterminal1672022\myterminal16-07-2022\myterminal16-07-2022\debug\mytermin.d6bd8d6d.tlog\link.write.1.tlog
